2020-07-22 09:11:08,491 Setting timezone to America/Mexico_City
2020-07-22 09:11:15,356 Connecting to InfluxDB using port 8086...
2020-07-22 09:11:15,489 Connected!
2020-07-22 09:11:15,489 Reading stocks value...
2020-07-22 09:14:02,172 Setting timezone to America/Mexico_City
2020-07-22 09:14:02,172 Connecting to InfluxDB using port 8086...
2020-07-22 09:14:02,174 Service stoped
2020-07-22 09:14:02,175 name 'codockig' is not defined
2020-07-22 09:14:25,519 Setting timezone to America/Mexico_City
2020-07-22 09:14:25,519 Connecting to InfluxDB using port 8086...
2020-07-22 09:14:25,522 Connected!
2020-07-22 09:14:25,522 Reading stocks value...
2020-07-22 09:14:42,901 Writing without problems
2020-07-22 09:15:00,786 Writing without problems
2020-07-22 09:15:18,038 Writing without problems
2020-07-22 09:15:35,574 Writing without problems
2020-07-22 09:15:53,201 Writing without problems
2020-07-22 09:16:12,420 Writing without problems
2020-07-22 09:16:29,440 Writing without problems
2020-07-22 09:16:46,783 Writing without problems
2020-07-22 09:17:04,227 Writing without problems
2020-07-22 09:17:21,545 Writing without problems
2020-07-22 09:17:38,765 Writing without problems
2020-07-22 09:17:56,350 Writing without problems
2020-07-22 09:18:14,135 Writing without problems
2020-07-22 09:18:31,187 Writing without problems
2020-07-22 09:18:48,805 Writing without problems
2020-07-22 09:19:05,625 Writing without problems
2020-07-22 09:19:22,668 Writing without problems
2020-07-22 09:19:39,853 Writing without problems
2020-07-22 09:19:57,571 Writing without problems
2020-07-22 09:20:16,332 Writing without problems
2020-07-22 09:20:34,451 Writing without problems
2020-07-22 09:20:52,120 Writing without problems
2020-07-22 09:21:09,722 Writing without problems
2020-07-22 09:21:27,507 Writing without problems
2020-07-22 09:21:45,559 Writing without problems
2020-07-22 09:22:05,504 Writing without problems
2020-07-22 09:22:23,639 Writing without problems
2020-07-22 09:22:41,732 Writing without problems
2020-07-22 09:22:59,734 Writing without problems
2020-07-22 09:23:18,278 Writing without problems
2020-07-22 09:23:36,488 Writing without problems
2020-07-22 09:23:55,657 Writing without problems
2020-07-22 09:24:13,210 Writing without problems
2020-07-22 09:24:31,004 Writing without problems
2020-07-22 09:24:49,273 Writing without problems
2020-07-22 09:25:07,901 Writing without problems
2020-07-22 09:25:26,195 Writing without problems
2020-07-22 09:25:44,397 Writing without problems
2020-07-22 09:26:02,424 Writing without problems
2020-07-22 09:26:20,301 Writing without problems
